build/intermediates/manifest_merge_blame_file/release/manifest-merger-blame-release-report.txt
1<?xml version="1.0" encoding="utf-8"?>
2<manifest xmlns:android="http://schemas.android.com/apk/res/android"
3    package="com.hts.hable_pos"
4    android:versionCode="1"
5    android:versionName="1.05" >
6
7    <uses-sdk
8        android:minSdkVersion="19"
8-->source\H_able_Client\AndroidManifest.xml
9        android:targetSdkVersion="29" />
9-->source\H_able_Client\AndroidManifest.xml
10
11    <uses-feature
11-->source\H_able_Client\AndroidManifest.xml:38:2-84
12        android:name="android.hardware.telephony"
12-->source\H_able_Client\AndroidManifest.xml:38:16-57
13        android:required="false" />
13-->source\H_able_Client\AndroidManifest.xml:38:58-82
14
15    <uses-permission android:name="android.permission.RESTART_PACKAGES" />
15-->source\H_able_Client\AndroidManifest.xml:39:2-71
15-->source\H_able_Client\AndroidManifest.xml:39:19-69
16    <uses-permission android:name="android.permission.KILL_BACKGROUND_PROCESSES" />
16-->source\H_able_Client\AndroidManifest.xml:40:2-80
16-->source\H_able_Client\AndroidManifest.xml:40:19-78
17    <uses-permission android:name="android.permission.VIBRATE" />
17-->source\H_able_Client\AndroidManifest.xml:41:2-62
17-->source\H_able_Client\AndroidManifest.xml:41:19-60
18    <uses-permission android:name="android.permission.READ_EXTERNAL_STORAGE" />
18-->source\H_able_Client\AndroidManifest.xml:42:2-76
18-->source\H_able_Client\AndroidManifest.xml:42:19-74
19    <uses-permission android:name="android.permission.WRITE_EXTERNAL_STORAGE" />
19-->source\H_able_Client\AndroidManifest.xml:43:2-77
19-->source\H_able_Client\AndroidManifest.xml:43:19-75
20    <uses-permission android:name="android.permission.GET_TASKS" />
20-->source\H_able_Client\AndroidManifest.xml:44:2-64
20-->source\H_able_Client\AndroidManifest.xml:44:19-62
21    <uses-permission android:name="android.permission.WAKE_LOCK" />
21-->source\H_able_Client\AndroidManifest.xml:45:2-64
21-->source\H_able_Client\AndroidManifest.xml:45:19-62
22    <uses-permission android:name="android.permission.CALL_PHONE" />
22-->source\H_able_Client\AndroidManifest.xml:46:2-65
22-->source\H_able_Client\AndroidManifest.xml:46:19-63
23    <uses-permission android:name="android.permission.READ_PHONE_STATE" />
23-->source\H_able_Client\AndroidManifest.xml:47:2-71
23-->source\H_able_Client\AndroidManifest.xml:47:19-69
24    <uses-permission android:name="android.permission.READ_CONTACTS" />
24-->source\H_able_Client\AndroidManifest.xml:48:2-68
24-->source\H_able_Client\AndroidManifest.xml:48:19-66
25    <uses-permission android:name="android.permission.SEND_SMS" />
25-->source\H_able_Client\AndroidManifest.xml:49:2-63
25-->source\H_able_Client\AndroidManifest.xml:49:19-61
26    <uses-permission android:name="android.permission.INTERNET" />
26-->source\H_able_Client\AndroidManifest.xml:50:2-63
26-->source\H_able_Client\AndroidManifest.xml:50:19-61
27    <uses-permission android:name="android.permission.ACCESS_NETWORK_STATE" />
27-->source\H_able_Client\AndroidManifest.xml:51:2-75
27-->source\H_able_Client\AndroidManifest.xml:51:19-73
28    <uses-permission android:name="android.permission.ACCESS_WIFI_STATE" />
28-->source\H_able_Client\AndroidManifest.xml:52:2-72
28-->source\H_able_Client\AndroidManifest.xml:52:19-70
29    <uses-permission android:name="android.permission.CHANGE_WIFI_STATE" />
29-->source\H_able_Client\AndroidManifest.xml:53:2-72
29-->source\H_able_Client\AndroidManifest.xml:53:19-70
30    <uses-permission android:name="android.permission.ACCESS_COARSE_LOCATION" />
30-->source\H_able_Client\AndroidManifest.xml:54:2-77
30-->source\H_able_Client\AndroidManifest.xml:54:19-75
31    <uses-permission android:name="android.permission.ACCESS_FINE_LOCATION" />
31-->source\H_able_Client\AndroidManifest.xml:55:2-75
31-->source\H_able_Client\AndroidManifest.xml:55:19-73
32
33    <uses-feature android:name="android.hardware.camera" />
33-->source\H_able_Client\AndroidManifest.xml:57:2-56
33-->source\H_able_Client\AndroidManifest.xml:57:16-54
34    <uses-feature android:name="android.hardware.camera.autofocus" />
34-->source\H_able_Client\AndroidManifest.xml:58:2-66
34-->source\H_able_Client\AndroidManifest.xml:58:16-64
35
36    <uses-permission android:name="android.permission.RECORD_AUDIO" />
36-->source\H_able_Client\AndroidManifest.xml:59:2-67
36-->source\H_able_Client\AndroidManifest.xml:59:19-65
37    <uses-permission android:name="android.permission.CAMERA" />
37-->source\H_able_Client\AndroidManifest.xml:60:2-61
37-->source\H_able_Client\AndroidManifest.xml:60:19-59
38    <uses-permission android:name="android.permission.FLASHLIGHT" />
38-->source\H_able_Client\AndroidManifest.xml:61:2-65
38-->source\H_able_Client\AndroidManifest.xml:61:19-63
39    <uses-permission android:name="android.permission.BLUETOOTH" />
39-->source\H_able_Client\AndroidManifest.xml:62:2-65
39-->source\H_able_Client\AndroidManifest.xml:62:19-62
40    <uses-permission android:name="android.permission.BLUETOOTH_ADMIN" />
40-->source\H_able_Client\AndroidManifest.xml:63:2-71
40-->source\H_able_Client\AndroidManifest.xml:63:19-68
41    <uses-permission android:name="android.permission.ACCESS_BACKGROUND_SERVICE" />
41-->source\H_able_Client\AndroidManifest.xml:64:2-80
41-->source\H_able_Client\AndroidManifest.xml:64:19-78
42    <uses-permission android:name="android.permission.ACCESS_BACKGROUND_LOCATION" />
42-->source\H_able_Client\AndroidManifest.xml:65:2-81
42-->source\H_able_Client\AndroidManifest.xml:65:19-79
43
44    <uses-feature
44-->source\H_able_Client\AndroidManifest.xml:67:2-83
45        android:name="android.hardware.location"
45-->source\H_able_Client\AndroidManifest.xml:67:16-56
46        android:required="false" />
46-->source\H_able_Client\AndroidManifest.xml:67:57-81
47    <uses-feature
47-->source\H_able_Client\AndroidManifest.xml:68:2-87
48        android:name="android.hardware.location.gps"
48-->source\H_able_Client\AndroidManifest.xml:68:16-60
49        android:required="false" />
49-->source\H_able_Client\AndroidManifest.xml:68:61-85
50    <uses-feature
50-->source\H_able_Client\AndroidManifest.xml:69:2-91
51        android:name="android.hardware.location.network"
51-->source\H_able_Client\AndroidManifest.xml:69:16-64
52        android:required="false" />
52-->source\H_able_Client\AndroidManifest.xml:69:65-89
53
54    <!-- GCM & C2DM -->
55    <uses-permission android:name="android.permission.USE_CREDENTIALS" />
55-->source\H_able_Client\AndroidManifest.xml:72:2-70
55-->source\H_able_Client\AndroidManifest.xml:72:19-68
56
57    <!-- 안드로이드 9.0 이상 필수 : targetSdkVersion = 28 이상인 경우 -->
58    <uses-permission android:name="android.permission.FOREGROUND_SERVICE" />
58-->source\H_able_Client\AndroidManifest.xml:75:2-74
58-->source\H_able_Client\AndroidManifest.xml:75:19-71
59    <uses-permission android:name="android.permission.RECEIVE_BOOT_COMPLETED" />
59-->source\H_able_Client\AndroidManifest.xml:76:2-78
59-->source\H_able_Client\AndroidManifest.xml:76:19-75
60
61    <!-- requestLegacyExternalStorage 관련 오류 발생시, Properties 에서 Android의 project Build Target을  Android 10 으로 지정 하거나, requestLegacyExternalStorage 를 삭제 -->
62    <!-- android:networkSecurityConfig="@xml/network_security_config" -->
63    <application
63-->source\H_able_Client\AndroidManifest.xml:4:2-37:16
64        android:name="com.hts.hable_pos.implementation.ExtendApplication"
64-->source\H_able_Client\AndroidManifest.xml:4:106-171
65        android:allowBackup="false"
65-->source\H_able_Client\AndroidManifest.xml:4:15-42
66        android:icon="@drawable/icon"
66-->source\H_able_Client\AndroidManifest.xml:4:43-72
67        android:label="@string/app_name"
67-->source\H_able_Client\AndroidManifest.xml:4:73-105
68        android:requestLegacyExternalStorage="true"
68-->source\H_able_Client\AndroidManifest.xml:4:172-215
69        android:testOnly="true"
70        android:usesCleartextTraffic="true" >
70-->source\H_able_Client\AndroidManifest.xml:4:216-251
71        <uses-library
71-->source\H_able_Client\AndroidManifest.xml:5:3-81
72            android:name="org.apache.http.legacy"
72-->source\H_able_Client\AndroidManifest.xml:5:17-54
73            android:required="false" />
73-->source\H_able_Client\AndroidManifest.xml:5:55-79
74        <!-- 에러 발생시, ${applicationId} 를 packagename 으로 변경 -->
75        <provider
75-->source\H_able_Client\AndroidManifest.xml:7:3-9:14
76            android:name="android.support.v4.content.FileProvider"
76-->source\H_able_Client\AndroidManifest.xml:7:13-67
77            android:authorities="com.hts.hable_pos.fileprovider"
77-->source\H_able_Client\AndroidManifest.xml:7:68-120
78            android:exported="false"
78-->source\H_able_Client\AndroidManifest.xml:7:121-145
79            android:grantUriPermissions="true" >
79-->source\H_able_Client\AndroidManifest.xml:7:146-180
80            <meta-data
80-->source\H_able_Client\AndroidManifest.xml:8:4-103
81                android:name="android.support.FILE_PROVIDER_PATHS"
81-->source\H_able_Client\AndroidManifest.xml:8:15-65
82                android:resource="@xml/file_paths" />
82-->source\H_able_Client\AndroidManifest.xml:8:66-100
83        </provider>
84
85        <activity
85-->source\H_able_Client\AndroidManifest.xml:10:3-15:14
86            android:name="com.hts.hable_pos.Startup"
86-->source\H_able_Client\AndroidManifest.xml:10:13-53
87            android:theme="@android:style/Theme.Black.NoTitleBar" >
87-->source\H_able_Client\AndroidManifest.xml:10:54-107
88            <intent-filter>
88-->source\H_able_Client\AndroidManifest.xml:11:4-14:20
89                <action android:name="android.intent.action.MAIN" />
89-->source\H_able_Client\AndroidManifest.xml:12:5-56
89-->source\H_able_Client\AndroidManifest.xml:12:13-54
90
91                <category android:name="android.intent.category.LAUNCHER" />
91-->source\H_able_Client\AndroidManifest.xml:13:5-64
91-->source\H_able_Client\AndroidManifest.xml:13:15-62
92            </intent-filter>
93        </activity>
94        <activity
94-->source\H_able_Client\AndroidManifest.xml:16:3-179
95            android:name="com.hts.hable_pos.BaseActivity"
95-->source\H_able_Client\AndroidManifest.xml:16:132-177
96            android:configChanges="locale|keyboardHidden|orientation|screenSize"
96-->source\H_able_Client\AndroidManifest.xml:16:13-81
97            android:imeOptions="actionSend|flagNoEnterAction" />
97-->source\H_able_Client\AndroidManifest.xml:16:82-131
98        <activity
98-->source\H_able_Client\AndroidManifest.xml:17:3-152
99            android:name="com.hts.hable_pos.samples.activity.ImageList1Activity"
99-->source\H_able_Client\AndroidManifest.xml:17:82-150
100            android:configChanges="locale|keyboardHidden|orientation|screenSize" />
100-->source\H_able_Client\AndroidManifest.xml:17:13-81
101        <activity
101-->source\H_able_Client\AndroidManifest.xml:18:3-152
102            android:name="com.hts.hable_pos.samples.activity.ImageList2Activity"
102-->source\H_able_Client\AndroidManifest.xml:18:82-150
103            android:configChanges="locale|keyboardHidden|orientation|screenSize" />
103-->source\H_able_Client\AndroidManifest.xml:18:13-81
104        <activity
104-->source\H_able_Client\AndroidManifest.xml:19:3-154
105            android:name="com.hts.hable_pos.samples.activity.ImageDetailsActivity"
105-->source\H_able_Client\AndroidManifest.xml:19:82-152
106            android:configChanges="locale|keyboardHidden|orientation|screenSize" />
106-->source\H_able_Client\AndroidManifest.xml:19:13-81
107        <activity
107-->source\H_able_Client\AndroidManifest.xml:20:3-147
108            android:name="com.hts.hable_pos.samples.activity.StartActivity"
108-->source\H_able_Client\AndroidManifest.xml:20:82-145
109            android:configChanges="locale|keyboardHidden|orientation|screenSize" />
109-->source\H_able_Client\AndroidManifest.xml:20:13-81
110        <activity
110-->source\H_able_Client\AndroidManifest.xml:21:3-148
111            android:name="com.hts.hable_pos.samples.activity.SampleActivity"
111-->source\H_able_Client\AndroidManifest.xml:21:82-146
112            android:configChanges="locale|keyboardHidden|orientation|screenSize" />
112-->source\H_able_Client\AndroidManifest.xml:21:13-81
113        <activity
113-->source\H_able_Client\AndroidManifest.xml:22:3-149
114            android:name="com.hts.hable_pos.samples.activity.SampleActivity2"
114-->source\H_able_Client\AndroidManifest.xml:22:82-147
115            android:configChanges="locale|keyboardHidden|orientation|screenSize" />
115-->source\H_able_Client\AndroidManifest.xml:22:13-81
116        <activity
116-->source\H_able_Client\AndroidManifest.xml:23:3-151
117            android:name="com.hts.hable_pos.samples.activity.BatchTempActivity"
117-->source\H_able_Client\AndroidManifest.xml:23:82-149
118            android:configChanges="locale|keyboardHidden|orientation|screenSize" />
118-->source\H_able_Client\AndroidManifest.xml:23:13-81
119        <activity
119-->source\H_able_Client\AndroidManifest.xml:24:3-158
120            android:name="com.hts.hable_pos.samples.activity.SampleNativeListActivity"
120-->source\H_able_Client\AndroidManifest.xml:24:82-156
121            android:configChanges="locale|keyboardHidden|orientation|screenSize" />
121-->source\H_able_Client\AndroidManifest.xml:24:13-81
122        <activity
122-->source\H_able_Client\AndroidManifest.xml:25:3-157
123            android:name="com.hts.hable_pos.samples.activity.SampleNativeMapActivity"
123-->source\H_able_Client\AndroidManifest.xml:25:82-155
124            android:configChanges="locale|keyboardHidden|orientation|screenSize" />
124-->source\H_able_Client\AndroidManifest.xml:25:13-81
125        <activity
125-->source\H_able_Client\AndroidManifest.xml:26:3-184
126            android:name="com.hts.hable_pos.BLTPrint"
126-->source\H_able_Client\AndroidManifest.xml:26:13-54
127            android:configChanges="locale|keyboardHidden|orientation|screenSize"
127-->source\H_able_Client\AndroidManifest.xml:26:55-123
128            android:theme="@android:style/Theme.NoTitleBar.Fullscreen" />
128-->source\H_able_Client\AndroidManifest.xml:26:124-182
129        <activity
129-->source\H_able_Client\AndroidManifest.xml:27:3-185
130            android:name="com.hts.hable_pos.HTMLPrint"
130-->source\H_able_Client\AndroidManifest.xml:27:13-55
131            android:configChanges="locale|keyboardHidden|orientation|screenSize"
131-->source\H_able_Client\AndroidManifest.xml:27:56-124
132            android:theme="@android:style/Theme.NoTitleBar.Fullscreen" />
132-->source\H_able_Client\AndroidManifest.xml:27:125-183
133        <activity
133-->source\H_able_Client\AndroidManifest.xml:28:3-173
134            android:name="com.hts.hable_pos.samples.activity.ShowPushPopup"
134-->source\H_able_Client\AndroidManifest.xml:28:13-76
135            android:screenOrientation="portrait"
135-->source\H_able_Client\AndroidManifest.xml:28:77-113
136            android:windowSoftInputMode="adjustUnspecified|adjustPan" />
136-->source\H_able_Client\AndroidManifest.xml:28:114-171
137        <activity
137-->source\H_able_Client\AndroidManifest.xml:29:3-196
138            android:name="m.client.android.library.core.view.MainActivity"
138-->source\H_able_Client\AndroidManifest.xml:29:132-194
139            android:configChanges="locale|keyboardHidden|orientation|screenSize"
139-->source\H_able_Client\AndroidManifest.xml:29:13-81
140            android:imeOptions="actionSend|flagNoEnterAction" />
140-->source\H_able_Client\AndroidManifest.xml:29:82-131
141
142        <provider
142-->source\H_able_Client\AndroidManifest.xml:30:3-135
143            android:name="m.client.android.library.core.managers.LocalFileContentProvider"
143-->source\H_able_Client\AndroidManifest.xml:30:55-133
144            android:authorities="@string/app_package" />
144-->source\H_able_Client\AndroidManifest.xml:30:13-54
145
146        <activity
146-->source\H_able_Client\AndroidManifest.xml:31:3-137
147            android:name="m.client.library.addon.media.AudioRecoderActivity"
147-->source\H_able_Client\AndroidManifest.xml:31:71-135
148            android:configChanges="locale|keyboardHidden|orientation" />
148-->source\H_able_Client\AndroidManifest.xml:31:13-70
149        <activity
149-->source\H_able_Client\AndroidManifest.xml:32:3-192
150            android:name="m.client.library.addon.media.MediaPlayActivity"
150-->source\H_able_Client\AndroidManifest.xml:32:75-136
151            android:configChanges="keyboardHidden|orientation|screenSize"
151-->source\H_able_Client\AndroidManifest.xml:32:13-74
152            android:theme="@android:style/Theme.Black.NoTitleBar" />
152-->source\H_able_Client\AndroidManifest.xml:32:137-190
153        <activity
153-->source\H_able_Client\AndroidManifest.xml:33:3-197
154            android:name="m.client.library.addon.media.crop.CropImageActivity"
154-->source\H_able_Client\AndroidManifest.xml:33:75-141
155            android:configChanges="keyboardHidden|orientation|screenSize"
155-->source\H_able_Client\AndroidManifest.xml:33:13-74
156            android:theme="@android:style/Theme.Black.NoTitleBar" />
156-->source\H_able_Client\AndroidManifest.xml:33:142-195
157        <activity
157-->source\H_able_Client\AndroidManifest.xml:34:3-316
158            android:name="com.google.zxing.client.android.CaptureActivity"
158-->source\H_able_Client\AndroidManifest.xml:34:115-177
159            android:clearTaskOnLaunch="true"
159-->source\H_able_Client\AndroidManifest.xml:34:13-45
160            android:configChanges="locale|orientation|keyboardHidden|screenSize"
160-->source\H_able_Client\AndroidManifest.xml:34:46-114
161            android:stateNotNeeded="true"
161-->source\H_able_Client\AndroidManifest.xml:34:178-207
162            android:theme="@android:style/Theme.NoTitleBar.Fullscreen"
162-->source\H_able_Client\AndroidManifest.xml:34:208-266
163            android:windowSoftInputMode="stateAlwaysHidden" />
163-->source\H_able_Client\AndroidManifest.xml:34:267-314
164        <activity
164-->source\H_able_Client\AndroidManifest.xml:35:3-136
165            android:name="m.client.library.plugin.viewer.DocViewerActivity"
165-->source\H_able_Client\AndroidManifest.xml:35:71-134
166            android:configChanges="locale|keyboardHidden|orientation" />
166-->source\H_able_Client\AndroidManifest.xml:35:13-70
167        <activity
167-->source\H_able_Client\AndroidManifest.xml:36:3-132
168            android:name="m.client.library.plugin.viewer.MuPDFActivity"
168-->source\H_able_Client\AndroidManifest.xml:36:71-130
169            android:configChanges="locale|keyboardHidden|orientation" />
169-->source\H_able_Client\AndroidManifest.xml:36:13-70
170    </application>
171
172</manifest>